<?xml version="1.0" encoding="UTF-8" ?>
<testsuite failures="0" time="7.799" errors="0" skipped="0" tests="5" name="com.ms.client.NexmoClientTest">
  <properties>
[...]
</properties>
  <testcase time="6.99" classname="com.ms.client.NexmoClientTest" name="testGetAccountPricingForUS"/>
  <testcase time="0.144" classname="com.ms.client.NexmoClientTest" name="testSendSMSMessage"/>
  <testcase time="0.265" classname="com.ms.client.NexmoClientTest" name="testSendBulkSMSMessage"/>
  <testcase time="0.147" classname="com.ms.client.NexmoClientTest" name="testGetAccountBalance"/>
  <testcase time="0.246" classname="com.ms.client.NexmoClientTest" name="testGetAccountBalanceFromFactory"/>
</testsuite>